=== Task task-1771493288846-noovrmhw3 Started ===
PID: 66547
Time: Thu Feb 19 16:28:08 +07 2026

{
  "runId": "60c431ff-478e-4c94-bc7e-1b3a8dd1884e",
  "status": "ok",
  "summary": "completed",
  "result": {
    "payloads": [
      {
        "text": "เสร็จสมบูรณ์แล้วครับ! ✅\n\n**ไฟล์ที่สร้าง:** `random-password.js`\n\n**ฟีเจอร์:**\n- `generatePassword(length, options)` - สร้างรหัสผ่านตามตัวเลือก\n- `generateStrongPassword(length)` - รหัสผ่านปลอดภัย (มีทุกประเภทตัวอักษร)\n\n**ตัวเลือก:**\n- `uppercase` - ตัวพิมพ์ใหญ่ A-Z\n- `lowercase` - ตัวพิมพ์เล็ก a-z\n- `numbers` - ตัวเลข 0-9\n- `symbols` - สัญลักษณ์พิเศษ\n\n**ผลทดสอบ:**\n```\nรหัสผ่าน 8 ตัว: vJ8?[rY2\nรหัสผ่าน 12 ตัว: Y=%+wC<i#ln]\nรหัสผ่านปลอดภัย 16 ตัว: Ss&IBjjZatSA@44b\nรหัส PIN 6 หลัก: 114713\nรหัสผ่านไม่มีสัญลักษณ์: c9AbH34l9f\n```\n\nพร้อมใช้งานแล้วครับ! 🎉",
        "mediaUrl": null
      }
    ],
    "meta": {
      "durationMs": 83421,
      "agentMeta": {
        "sessionId": "9b420003-2943-495d-ad4d-63888c76004e",
        "provider": "kimi-coding",
        "model": "kimi-for-coding",
        "usage": {
          "input": 445150,
          "output": 1687,
          "total": 149322
        },
        "lastCallUsage": {
          "input": 148956,
          "output": 366,
          "cacheRead": 0,
          "cacheWrite": 0,
          "total": 149322
        },
        "promptTokens": 148956
      },
      "aborted": false,
      "systemPromptReport": {
        "source": "run",
        "generatedAt": 1771493290898,
        "sessionId": "9b420003-2943-495d-ad4d-63888c76004e",
        "sessionKey": "agent:coder:main",
        "provider": "kimi-coding",
        "model": "kimi-for-coding",
        "workspaceDir": "/Users/icue/.openclaw/workspace-coder",
        "bootstrapMaxChars": 20000,
        "bootstrapTotalMaxChars": 150000,
        "sandbox": {
          "mode": "off",
          "sandboxed": false
        },
        "systemPrompt": {
          "chars": 24759,
          "projectContextChars": 11705,
          "nonProjectContextChars": 13054
        },
        "injectedWorkspaceFiles": [
          {
            "name": "AGENTS.md",
            "path": "/Users/icue/.openclaw/workspace-coder/AGENTS.md",
            "missing": false,
            "rawChars": 7804,
            "injectedChars": 7804,
            "truncated": false
          },
          {
            "name": "SOUL.md",
            "path": "/Users/icue/.openclaw/workspace-coder/SOUL.md",
            "missing": false,
            "rawChars": 1664,
            "injectedChars": 1664,
            "truncated": false
          },
          {
            "name": "TOOLS.md",
            "path": "/Users/icue/.openclaw/workspace-coder/TOOLS.md",
            "missing": false,
            "rawChars": 850,
            "injectedChars": 850,
            "truncated": false
          },
          {
            "name": "IDENTITY.md",
            "path": "/Users/icue/.openclaw/workspace-coder/IDENTITY.md",
            "missing": false,
            "rawChars": 228,
            "injectedChars": 228,
            "truncated": false
          },
          {
            "name": "USER.md",
            "path": "/Users/icue/.openclaw/workspace-coder/USER.md",
            "missing": false,
            "rawChars": 329,
            "injectedChars": 329,
            "truncated": false
          },
          {
            "name": "HEARTBEAT.md",
            "path": "/Users/icue/.openclaw/workspace-coder/HEARTBEAT.md",
            "missing": false,
            "rawChars": 167,
            "injectedChars": 167,
            "truncated": false
          },
          {
            "name": "BOOTSTRAP.md",
            "path": "/Users/icue/.openclaw/workspace-coder/BOOTSTRAP.md",
            "missing": true,
            "rawChars": 0,
            "injectedChars": 73,
            "truncated": false
          }
        ],
        "skills": {
          "promptChars": 3733,
          "entries": [
            {
              "name": "1password",
              "blockChars": 348
            },
            {
              "name": "coding-agent",
              "blockChars": 611
            },
            {
              "name": "gh-issues",
              "blockChars": 508
            },
            {
              "name": "github",
              "blockChars": 572
            },
            {
              "name": "healthcheck",
              "blockChars": 491
            },
            {
              "name": "skill-creator",
              "blockChars": 296
            },
            {
              "name": "weather",
              "blockChars": 416
            }
          ]
        },
        "tools": {
          "listChars": 2025,
          "schemaChars": 15304,
          "entries": [
            {
              "name": "read",
              "summaryChars": 298,
              "schemaChars": 392,
              "propertiesCount": 4
            },
            {
              "name": "edit",
              "summaryChars": 129,
              "schemaChars": 591,
              "propertiesCount": 6
            },
            {
              "name": "write",
              "summaryChars": 127,
              "schemaChars": 313,
              "propertiesCount": 3
            },
            {
              "name": "exec",
              "summaryChars": 181,
              "schemaChars": 1086,
              "propertiesCount": 12
            },
            {
              "name": "process",
              "summaryChars": 85,
              "schemaChars": 961,
              "propertiesCount": 12
            },
            {
              "name": "browser",
              "summaryChars": 1251,
              "schemaChars": 1897,
              "propertiesCount": 28
            },
            {
              "name": "canvas",
              "summaryChars": 106,
              "schemaChars": 661,
              "propertiesCount": 18
            },
            {
              "name": "nodes",
              "summaryChars": 101,
              "schemaChars": 1479,
              "propertiesCount": 33
            },
            {
              "name": "cron",
              "summaryChars": 2689,
              "schemaChars": 662,
              "propertiesCount": 13
            },
            {
              "name": "message",
              "summaryChars": 124,
              "schemaChars": 3885,
              "propertiesCount": 84
            },
            {
              "name": "tts",
              "summaryChars": 152,
              "schemaChars": 223,
              "propertiesCount": 2
            },
            {
              "name": "gateway",
              "summaryChars": 354,
              "schemaChars": 465,
              "propertiesCount": 11
            },
            {
              "name": "agents_list",
              "summaryChars": 72,
              "schemaChars": 33,
              "propertiesCount": 0
            },
            {
              "name": "sessions_list",
              "summaryChars": 54,
              "schemaChars": 212,
              "propertiesCount": 4
            },
            {
              "name": "sessions_history",
              "summaryChars": 36,
              "schemaChars": 161,
              "propertiesCount": 3
            },
            {
              "name": "sessions_send",
              "summaryChars": 84,
              "schemaChars": 273,
              "propertiesCount": 5
            },
            {
              "name": "sessions_spawn",
              "summaryChars": 107,
              "schemaChars": 336,
              "propertiesCount": 8
            },
            {
              "name": "subagents",
              "summaryChars": 105,
              "schemaChars": 191,
              "propertiesCount": 4
            },
            {
              "name": "session_status",
              "summaryChars": 207,
              "schemaChars": 89,
              "propertiesCount": 2
            },
            {
              "name": "web_search",
              "summaryChars": 175,
              "schemaChars": 753,
              "propertiesCount": 6
            },
            {
              "name": "web_fetch",
              "summaryChars": 129,
              "schemaChars": 374,
              "propertiesCount": 3
            },
            {
              "name": "memory_search",
              "summaryChars": 235,
              "schemaChars": 139,
              "propertiesCount": 3
            },
            {
              "name": "memory_get",
              "summaryChars": 151,
              "schemaChars": 128,
              "propertiesCount": 3
            }
          ]
        }
      }
    }
  }
}
=== Task Completed ===
