[2026-02-19T10:37:17.925Z] [INFO] ==========================================
[2026-02-19T10:37:17.927Z] [INFO] Daemon Agent Started
[2026-02-19T10:37:17.927Z] [INFO] ==========================================
[2026-02-19T10:37:17.927Z] [INFO] Daemon is running and waiting for tasks...
[2026-02-19T10:38:16.089Z] [INFO] Received message
Data: {
  "type": "spawn_task",
  "task": {
    "id": "daemon-test-001",
    "projectId": "a2",
    "title": "ทดสอบ Daemon Agent",
    "description": "สร้าง JavaScript function สำหรับคำนวณ factorial",
    "agentId": "coder"
  }
}
[2026-02-19T10:38:16.092Z] [INFO] Task daemon-test-001 added to queue
Data: {
  "title": "ทดสอบ Daemon Agent"
}
[2026-02-19T10:38:16.092Z] [INFO] Starting queue processing...
[2026-02-19T10:38:16.093Z] [INFO] Processing task daemon-test-001
Data: {
  "title": "ทดสอบ Daemon Agent"
}
[2026-02-19T10:38:16.094Z] [INFO] Spawning worker for task daemon-test-001
[2026-02-19T10:38:16.100Z] [INFO] Worker spawned with PID 95083 for task daemon-test-001
[2026-02-19T10:38:17.101Z] [INFO] Queue processing complete
[2026-02-19T10:40:36.130Z] [INFO] Worker for task daemon-test-001 has completed
[2026-02-19T11:07:17.327Z] [INFO] Shutting down daemon...
